<?xml version="1.0" encoding="UTF-8"?>
<testsuite name="hello.ApplicationTests" time="0.661" tests="5" errors="0" skipped="0" failures="0">
  <properties>
[...]
</properties>
  <testcase name="accessUnsecuredResourceThenOk" classname="hello.ApplicationTests" time="0.555"/>
  <testcase name="accessSecuredResourceUnauthenticatedThenRedirectsToLogin" classname="hello.ApplicationTests" time="0.029"/>
  <testcase name="loginWithInvalidUserThenUnauthenticated" classname="hello.ApplicationTests" time="0.019"/>
  <testcase name="loginWithValidUserThenAuthenticated" classname="hello.ApplicationTests" time="0.013"/>
  <testcase name="accessSecuredResourceAuthenticatedThenOk" classname="hello.ApplicationTests" time="0.045"/>
</testsuite>